\BOOKMARK [0][-]{chapter.1}{序論}{}% 1
\BOOKMARK [1][-]{section.1.1}{研究の背景}{chapter.1}% 2
\BOOKMARK [1][-]{section.1.2}{研究の目的}{chapter.1}% 3
\BOOKMARK [1][-]{section.1.3}{本論文の構成}{chapter.1}% 4
\BOOKMARK [0][-]{chapter.2}{関連研究}{}% 5
\BOOKMARK [1][-]{section.2.1}{日本語単語における発声しやすさの自動評価}{chapter.2}% 6
\BOOKMARK [1][-]{section.2.2}{歌声特有のF0動的変動成分}{chapter.2}% 7
\BOOKMARK [0][-]{chapter.3}{理論的背景}{}% 8
\BOOKMARK [1][-]{section.3.1}{母音とフォルマント周波数}{chapter.3}% 9
\BOOKMARK [0][-]{chapter.4}{音高・音色における発声難度の調査}{}% 10
\BOOKMARK [1][-]{section.4.1}{実験条件}{chapter.4}% 11
\BOOKMARK [1][-]{section.4.2}{実験結果}{chapter.4}% 12
\BOOKMARK [0][-]{chapter.5}{分析結果}{}% 13
\BOOKMARK [1][-]{section.5.1}{主観評価との比較}{chapter.5}% 14
\BOOKMARK [1][-]{section.5.2}{単音発声の安定性}{chapter.5}% 15
\BOOKMARK [1][-]{section.5.3}{F0の周波数変調}{chapter.5}% 16
\BOOKMARK [0][-]{chapter.6}{結論}{}% 17
\BOOKMARK [1][-]{section.6.1}{総括}{chapter.6}% 18
\BOOKMARK [1][-]{section.6.2}{今後の課題}{chapter.6}% 19
\BOOKMARK [0][-]{appendix.A}{他被験者の収録データ}{}% 20
